<?xml version="1.0" encoding="UTF-8" ?>
<testsuites errors="0"
            failures="1"
            tests="1">

  <testsuite name="test"
    errors="0" failures="1" hostname="" id="" package="test" skipped="0"
    tests="1" time="18.14" timestamp="">
  
    <testcase name="default e2e tests" classname="test" time="18.14" assertions="14">

    

    

    

    

    

    

    

    

    

    

    

    

      <failure message="Testing if element [0;33m&lt;.swal-text&gt;[0m contains text [0;33m&#39;You now have 2 left.&#39;[0m in 5000ms - expected [0;32m&#34;contains text &#39;You now have 2 left.&#39;&#34;[0m but got: [0;31m&#34;does not contain &#39;You now have 2 left.&#39;&#34;[0m [0;90m(5191ms)[0m">    at Object.default e2e tests (/Users/ratan/mystuff/recruiterbox/client/tests/e2e/specs/test.js:39:15)
    at processTicksAndRejections (internal/process/task_queues.js:97:5)</failure>

    
      <failure message="    at Object.default e2e tests (/Users/ratan/mystuff/recruiterbox/client/tests/e2e/specs/test.js:39:15)">    at processTicksAndRejections (internal/process/task_queues.js:97:5)</failure>
    </testcase>
  

  

  
  </testsuite>
</testsuites>
